[debug] [2020-04-03T00:44:53.911Z] ----------------------------------------------------------------------
[debug] [2020-04-03T00:44:53.913Z] Command:       /usr/local/bin/node /usr/local/bin/firebase serve --only hosting
[debug] [2020-04-03T00:44:53.913Z] CLI Version:   8.0.1
[debug] [2020-04-03T00:44:53.913Z] Platform:      darwin
[debug] [2020-04-03T00:44:53.913Z] Node Version:  v10.15.1
[debug] [2020-04-03T00:44:53.914Z] Time:          Thu Apr 02 2020 19:44:53 GMT-0500 (Central Daylight Time)
[debug] [2020-04-03T00:44:53.914Z] ----------------------------------------------------------------------
[debug] [2020-04-03T00:44:53.914Z] 
[debug] [2020-04-03T00:44:53.925Z] > command requires scopes: ["email","openid","https://www.googleapis.com/auth/cloudplatformprojects.readonly","https://www.googleapis.com/auth/firebase","https://www.googleapis.com/auth/cloud-platform"]
[debug] [2020-04-03T00:44:53.926Z] > authorizing via signed-in user
[debug] [2020-04-03T00:44:53.926Z] [iam] checking project friendlyeats-ef7c4 for permissions ["firebase.projects.get"]
[debug] [2020-04-03T00:44:53.929Z] >>> HTTP REQUEST POST https://cloudresourcemanager.googleapis.com/v1/projects/friendlyeats-ef7c4:testIamPermissions  
 {"permissions":["firebase.projects.get"]}
[debug] [2020-04-03T00:44:54.122Z] <<< HTTP RESPONSE 200 {"content-type":"application/json; charset=UTF-8","vary":"X-Origin, Referer, Origin,Accept-Encoding","date":"Fri, 03 Apr 2020 00:44:55 GMT","server":"ESF","cache-control":"private","x-xss-protection":"0","x-frame-options":"SAMEORIGIN","x-content-type-options":"nosniff","server-timing":"gfet4t7; dur=55","alt-svc":"quic=\":443\"; ma=2592000; v=\"46,43\",h3-Q050=\":443\"; ma=2592000,h3-Q049=\":443\"; ma=2592000,h3-Q048=\":443\"; ma=2592000,h3-Q046=\":443\"; ma=2592000,h3-Q043=\":443\"; ma=2592000,h3-T050=\":443\"; ma=2592000","accept-ranges":"none","transfer-encoding":"chunked"}
[debug] [2020-04-03T00:44:54.124Z] >>> HTTP REQUEST GET https://firebase.googleapis.com/v1beta1/projects/friendlyeats-ef7c4  
 
[debug] [2020-04-03T00:44:54.335Z] <<< HTTP RESPONSE 200 {"content-type":"application/json; charset=UTF-8","vary":"X-Origin, Referer, Origin,Accept-Encoding","date":"Fri, 03 Apr 2020 00:44:56 GMT","server":"ESF","cache-control":"private","x-xss-protection":"0","x-frame-options":"SAMEORIGIN","x-content-type-options":"nosniff","alt-svc":"quic=\":443\"; ma=2592000; v=\"46,43\",h3-Q050=\":443\"; ma=2592000,h3-Q049=\":443\"; ma=2592000,h3-Q048=\":443\"; ma=2592000,h3-Q046=\":443\"; ma=2592000,h3-Q043=\":443\"; ma=2592000,h3-T050=\":443\"; ma=2592000","accept-ranges":"none","transfer-encoding":"chunked"}
[debug] [2020-04-03T00:44:54.337Z] >>> HTTP REQUEST GET https://firebase.googleapis.com/v1beta1/projects/friendlyeats-ef7c4/webApps/-/config  
 
[debug] [2020-04-03T00:44:54.679Z] <<< HTTP RESPONSE 200 {"content-type":"application/json; charset=UTF-8","vary":"X-Origin, Referer, Origin,Accept-Encoding","date":"Fri, 03 Apr 2020 00:44:56 GMT","server":"ESF","cache-control":"private","x-xss-protection":"0","x-frame-options":"SAMEORIGIN","x-content-type-options":"nosniff","alt-svc":"quic=\":443\"; ma=2592000; v=\"46,43\",h3-Q050=\":443\"; ma=2592000,h3-Q049=\":443\"; ma=2592000,h3-Q048=\":443\"; ma=2592000,h3-Q046=\":443\"; ma=2592000,h3-Q043=\":443\"; ma=2592000,h3-T050=\":443\"; ma=2592000","accept-ranges":"none","transfer-encoding":"chunked"}
[info] i  hosting: Serving hosting files from: ./
[info] ✔  hosting: Local server: http://localhost:5000
